<?xml version="1.0" encoding="UTF-8"?>
<testng-results ignored="0" total="3" passed="3" failed="0" skipped="0">
  <reporter-output>
  </reporter-output>
  <suite started-at="2025-05-27T09:20:01 IST" name="Suite" finished-at="2025-05-27T09:21:00 IST" duration-ms="58960">
    <groups>
    </groups>
    <test started-at="2025-05-27T09:20:01 IST" name="Test" finished-at="2025-05-27T09:21:00 IST" duration-ms="58960">
      <class name="project.Hometestclass">
        <test-method is-config="true" signature="set()[pri:0, instance:project.Hometestclass@762ef0ea]" started-at="2025-05-27T09:20:02 IST" name="set" finished-at="2025-05-27T09:20:45 IST" duration-ms="43099" status="PASS">
          <reporter-output>
          </reporter-output>
        </test-method> <!-- set -->
        <test-method signature="customer()[pri:0, instance:project.Hometestclass@762ef0ea]" started-at="2025-05-27T09:20:45 IST" name="customer" finished-at="2025-05-27T09:20:52 IST" duration-ms="6993" status="PASS">
          <reporter-output>
          </reporter-output>
        </test-method> <!-- customer -->
        <test-method signature="address(java.lang.String,java.lang.String,java.lang.String,java.lang.String,java.lang.String)[pri:1, instance:project.Hometestclass@762ef0ea]" started-at="2025-05-27T09:20:54 IST" name="address" data-provider="data" finished-at="2025-05-27T09:20:58 IST" duration-ms="3583" status="PASS">
          <params>
            <param index="0">
              <value>
                <![CDATA[pune]]>
              </value>
            </param>
            <param index="1">
              <value>
                <![CDATA[pune]]>
              </value>
            </param>
            <param index="2">
              <value>
                <![CDATA[baner]]>
              </value>
            </param>
            <param index="3">
              <value>
                <![CDATA[pune]]>
              </value>
            </param>
            <param index="4">
              <value>
                <![CDATA[42992]]>
              </value>
            </param>
          </params>
          <reporter-output>
          </reporter-output>
        </test-method> <!-- address -->
        <test-method signature="item(java.lang.String,java.lang.String,java.lang.String)[pri:2, instance:project.Hometestclass@762ef0ea]" started-at="2025-05-27T09:20:58 IST" name="item" data-provider="da" finished-at="2025-05-27T09:21:00 IST" duration-ms="1865" status="PASS">
          <params>
            <param index="0">
              <value>
                <![CDATA[mango]]>
              </value>
            </param>
            <param index="1">
              <value>
                <![CDATA[34000]]>
              </value>
            </param>
            <param index="2">
              <value>
                <![CDATA[I want to buy a new sofa. In regional price also I want a new comfort sofa and new advance design]]]>
              </value>
            </param>
          </params>
          <reporter-output>
          </reporter-output>
        </test-method> <!-- item -->
        <test-method is-config="true" signature="teardown()[pri:0, instance:project.Hometestclass@762ef0ea]" started-at="2025-05-27T09:21:00 IST" name="teardown" finished-at="2025-05-27T09:21:00 IST" duration-ms="0" status="PASS">
          <reporter-output>
          </reporter-output>
        </test-method> <!-- teardown -->
      </class> <!-- project.Hometestclass -->
    </test> <!-- Test -->
  </suite> <!-- Suite -->
</testng-results>
